<?xml version="1.0" encoding="UTF-8"?>
<!-- Generated by org.testng.reporters.JUnitXMLReporter -->
<testsuite ignored="1" hostname="COG-WIN-MAC03" failures="0" tests="2" name="Test" time="148.858" errors="0" timestamp="2023-08-22T04:30:52 IST">
  <testcase classname="testcases.Announcement" name="ValidationCheck" time="44.865"/>
  <testcase classname="testcases.Announcement" name="AddSearchDeleteAnnouncement" time="87.565"/>
  <testcase classname="utils.WebTestBase" name="@AfterSuite close" time="0.0">
    <ignored/>
  </testcase> <!-- @AfterSuite close -->
</testsuite> <!-- Test -->
