<?xml version="1.0" encoding="UTF-8"?>
<testsuite xmlns:xsi="http://www.w3.org/2001/XMLSchema-instance" xsi:noNamespaceSchemaLocation="https://maven.apache.org/surefire/maven-surefire-plugin/xsd/surefire-test-report-3.0.xsd" version="3.0" name="TestSuite" time="151.269" tests="2" errors="0" skipped="0" failures="0">
  <properties>
[...]
</properties>
  <testcase name="ValidationCheck" classname="testcases.Announcement" time="44.872">
    <system-out><![CDATA[https://app.talygen.com
Method Name - Announcement-ValidationCheck
08-22-2023 04:28:40 INFO  [main] User Login Page 75 - User Name entered with value - sql@yopmail.com	
08-22-2023 04:28:40 INFO  [main] User Login Page 75 - Password entered with value - @Password1
08-22-2023 04:28:41 INFO  [main] User Login Page 113 - Privacy Policy clicked 
08-22-2023 04:28:42 INFO  [main] User Login Page 113 - Login clicked 
08-22-2023 04:29:02 INFO  [main] User Login Page 113 - Full Menu clicked 
08-22-2023 04:29:05 INFO  [main] User Login Page 113 - Company Setup Link clicked 
08-22-2023 04:29:13 INFO  [main] User Login Page 113 -  Company Setup Page clicked 
08-22-2023 04:29:20 INFO  [main] User Login Page 113 - AddButton clicked 
08-22-2023 04:29:22 INFO  [main] User Login Page 269 - Save Button click by JS
08-22-2023 04:29:22 INFO  [main] User Login Page 284 -  Text displayed is  - Title is required
08-22-2023 04:29:22 INFO  [main] User Login Page 137 - Error Message is successfully displayed in Title field as Title is required
08-22-2023 04:29:22 INFO  [main] User Login Page 284 -  Text displayed is  - Message is required
08-22-2023 04:29:22 INFO  [main] User Login Page 153 - Error Message is successfully displayed in Message field as Message is required
08-22-2023 04:29:23 INFO  [main] User Login Page 113 - Open User guide clicked 
08-22-2023 04:29:23 INFO  [main] User Login Page 113 - Close User guide clicked 
]]></system-out>
    <system-err><![CDATA[SLF4J: Failed to load class "org.slf4j.impl.StaticLoggerBinder".
SLF4J: Defaulting to no-operation (NOP) logger implementation
SLF4J: See http://www.slf4j.org/codes.html#StaticLoggerBinder for further details.
Starting ChromeDriver 114.0.5735.90 (386bc09e8f4f2e025eddae123f36f6263096ae49-refs/branch-heads/5735@{#1052}) on port 9646
Only local connections are allowed.
Please see https://chromedriver.chromium.org/security-considerations for suggestions on keeping ChromeDriver safe.
ChromeDriver was started successfully.
[1692658706.438][WARNING]: This version of ChromeDriver has not been tested with Chrome version 115.
Aug 22, 2023 4:28:26 AM org.openqa.selenium.remote.ProtocolHandshake createSession
INFO: Detected dialect: W3C
]]></system-err>
  </testcase>
  <testcase name="AddSearchDeleteAnnouncement" classname="testcases.Announcement" time="87.555">
    <system-out><![CDATA[Method Name - Announcement-AddSearchDeleteAnnouncement
08-22-2023 04:29:36 INFO  [main] User Login Page 269 - Logout menu click by JS
08-22-2023 04:29:39 INFO  [main] User Login Page 269 - Logout click by JS
08-22-2023 04:29:46 INFO  [main] User Login Page 75 - User Name entered with value - sql@yopmail.com	
08-22-2023 04:29:47 INFO  [main] User Login Page 75 - Password entered with value - @Password1
08-22-2023 04:29:47 INFO  [main] User Login Page 113 - Privacy Policy clicked 
08-22-2023 04:29:48 INFO  [main] User Login Page 113 - Privacy Policy clicked 
08-22-2023 04:29:48 INFO  [main] User Login Page 113 - Login clicked 
08-22-2023 04:29:57 INFO  [main] User Login Page 113 - Full Menu clicked 
08-22-2023 04:30:00 INFO  [main] User Login Page 113 - Company Setup Link clicked 
08-22-2023 04:30:07 INFO  [main] User Login Page 113 -  Company Setup Page clicked 
08-22-2023 04:30:10 INFO  [main] User Login Page 113 - AddButton clicked 
08-22-2023 04:30:11 INFO  [main] User Login Page 75 - Announcement Title entered with value - TitleName230822042923
08-22-2023 04:30:13 INFO  [main] User Login Page 269 - Enable the Acknowledgement Required Field Toggle Button click by JS
08-22-2023 04:30:14 INFO  [main] User Login Page 439 - Attachment uploaded with value - C:\Users\aanand\eclipse-workspace\Jenkins_Practice\jenkins_talygen_companysetup\src\main\resources\testfiles\55565.jpg
08-22-2023 04:30:16 INFO  [main] User Login Page 75 - Description entered with value - Far far away, behind the word mountains, far from the countries Vokalia and Consonantia, there live the blind texts. Separated they live in Bookmarksgrove right at the coast of the Semantics, a large.
08-22-2023 04:30:23 INFO  [main] User Login Page 269 - Save Button click by JS
08-22-2023 04:30:24 INFO  [main] User Login Page 113 -  Close Success Message clicked 
08-22-2023 04:30:25 INFO  [main] User Login Page 113 - clickCheckBox clicked 
08-22-2023 04:30:26 INFO  [main] User Login Page 284 -  Text displayed is  - TitleName230822042923
08-22-2023 04:30:28 INFO  [main] User Login Page 113 - Click Inactive Button clicked 
08-22-2023 04:30:30 INFO  [main] User Login Page 113 - Confirmation popup clicked 
08-22-2023 04:30:31 INFO  [main] User Login Page 113 -  Close Success Message clicked 
08-22-2023 04:30:32 INFO  [main] User Login Page 113 - clickCheckBox clicked 
08-22-2023 04:30:33 INFO  [main] User Login Page 284 -  Text displayed is  - TitleName230822042923
08-22-2023 04:30:35 INFO  [main] User Login Page 113 - Click Active Button clicked 
08-22-2023 04:30:36 INFO  [main] User Login Page 113 - Confirmation popup clicked 
08-22-2023 04:30:38 INFO  [main] User Login Page 113 -  Close Success Message clicked 
08-22-2023 04:30:39 INFO  [main] User Login Page 75 - Input Title Name in Search field entered with value - TitleName230822042923
08-22-2023 04:30:39 INFO  [main] User Login Page 113 - Click on search Button clicked 
08-22-2023 04:30:39 INFO  [main] User Login Page 284 -  Text displayed is  - TitleName230822042923
08-22-2023 04:30:39 INFO  [main] User Login Page 198 - After search it shows record which we have searched TitleName230822042923
08-22-2023 04:30:45 INFO  [main] User Login Page 113 - clickCheckBox clicked 
08-22-2023 04:30:45 INFO  [main] User Login Page 284 -  Text displayed is  - TitleName230822042923
08-22-2023 04:30:48 INFO  [main] User Login Page 113 - Delete Announcmenet clicked 
08-22-2023 04:30:49 INFO  [main] User Login Page 113 - Confirmation popup clicked 
08-22-2023 04:30:51 INFO  [main] User Login Page 113 -  Close Success Message clicked 
]]></system-out>
  </testcase>
</testsuite>